2013/08/15 22:49:20.251[INFO]ログ出力！ net.treewoods.logbacksample.App.outputlog(22)
2013/08/15 22:49:20.251[INFO]ログ出力！=1 net.treewoods.logbacksample.App.outputlog(23)
2013/08/15 22:49:20.251[INFO]ログ出力！=1,2 net.treewoods.logbacksample.App.outputlog(24)
2013/08/15 22:49:20.251[INFO]ログ出力！=1,2,3 net.treewoods.logbacksample.App.outputlog(25)
2013/08/15 22:49:20.251[INFO]ログ出力！=1,2,3,4 net.treewoods.logbacksample.App.outputlog(26)
2013/08/15 22:49:20.251[INFO]ログ出力！=1,2,3,4,5 net.treewoods.logbacksample.App.outputlog(27)
2013/08/15 22:49:20.251[INFO]ログ出力！=1,2,3,4,5,6 net.treewoods.logbacksample.App.outputlog(28)
2013/08/15 22:55:16.504[INFO]ログ出力！ n.t.l.App.outputlog(22)
2013/08/15 22:55:16.504[INFO]ログ出力！=1 n.t.l.App.outputlog(23)
2013/08/15 22:55:16.504[INFO]ログ出力！=1,2 n.t.l.App.outputlog(24)
2013/08/15 22:55:16.504[INFO]ログ出力！=1,2,3 n.t.l.App.outputlog(25)
2013/08/15 22:55:16.504[INFO]ログ出力！=1,2,3,4 n.t.l.App.outputlog(26)
2013/08/15 22:55:16.504[INFO]ログ出力！=1,2,3,4,5 n.t.l.App.outputlog(27)
2013/08/15 22:55:16.504[INFO]ログ出力！=1,2,3,4,5,6 n.t.l.App.outputlog(28)
2013/08/15 22:55:50.918[INFO]ログ出力！ n.t.l.App.outputlog(22)[main]
2013/08/15 22:55:50.933[INFO]ログ出力！=1 n.t.l.App.outputlog(23)[main]
2013/08/15 22:55:50.933[INFO]ログ出力！=1,2 n.t.l.App.outputlog(24)[main]
2013/08/15 22:55:50.933[INFO]ログ出力！=1,2,3 n.t.l.App.outputlog(25)[main]
2013/08/15 22:55:50.933[INFO]ログ出力！=1,2,3,4 n.t.l.App.outputlog(26)[main]
2013/08/15 22:55:50.933[INFO]ログ出力！=1,2,3,4,5 n.t.l.App.outputlog(27)[main]
2013/08/15 22:55:50.933[INFO]ログ出力！=1,2,3,4,5,6 n.t.l.App.outputlog(28)[main]
